[INFO] Scanning for projects...
[INFO] 
[INFO] ---------------------------< com.movie:app >----------------------------
[INFO] Building app 0.0.1-SNAPSHOT
[INFO]   from pom.xml
[INFO] --------------------------------[ jar ]---------------------------------
[INFO] 
[INFO] >>> spring-boot:4.0.4:run (default-cli) > test-compile @ app >>>
[INFO] 
[INFO] --- resources:3.3.1:resources (default-resources) @ app ---
[INFO] Copying 1 resource from src\main\resources to target\classes
[INFO] Copying 0 resource from src\main\resources to target\classes
[INFO] 
[INFO] --- compiler:3.14.1:compile (default-compile) @ app ---
[INFO] Recompiling the module because of changed source code.
[INFO] Compiling 20 source files with javac [debug parameters release 17] to target\classes
[INFO] 
[INFO] --- resources:3.3.1:testResources (default-testResources) @ app ---
[INFO] skip non existing resourceDirectory C:\Users\Vinayaka\OneDrive\Desktop\IMDB clone\imdbclone\backend\src\test\resources
[INFO] 
[INFO] --- compiler:3.14.1:testCompile (default-testCompile) @ app ---
[INFO] Recompiling the module because of changed dependency.
[INFO] Compiling 1 source file with javac [debug parameters release 17] to target\test-classes
[INFO] 
[INFO] <<< spring-boot:4.0.4:run (default-cli) < test-compile @ app <<<
[INFO] 
[INFO] 
[INFO] --- spring-boot:4.0.4:run (default-cli) @ app ---
[INFO] Attaching agents: []

  .   ____          _            __ _ _
 /\\ / ___'_ __ _ _(_)_ __  __ _ \ \ \ \
( ( )\___ | '_ | '_| | '_ \/ _` | \ \ \ \
 \\/  ___)| |_)| | | | | || (_| |  ) ) ) )
  '  |____| .__|_| |_|_| |_\__, | / / / /
 =========|_|==============|___/=/_/_/_/

 :: Spring Boot ::                (v4.0.4)

2026-03-24T12:49:13.412+05:30  INFO 31228 --- [           main] com.movie.app.AppApplication             : Starting AppApplication using Java 17.0.12 with PID 31228 (C:\Users\Vinayaka\OneDrive\Desktop\IMDB clone\imdbclone\backend\target\classes started by Vinayaka in C:\Users\Vinayaka\OneDrive\Desktop\IMDB clone\imdbclone\backend)
2026-03-24T12:49:13.418+05:30  INFO 31228 --- [           main] com.movie.app.AppApplication             : No active profile set, falling back to 1 default profile: "default"
2026-03-24T12:49:14.248+05:30  INFO 31228 --- [           main] .s.d.r.c.RepositoryConfigurationDelegate : Bootstrapping Spring Data JPA repositories in DEFAULT mode.
2026-03-24T12:49:14.301+05:30  INFO 31228 --- [           main] .s.d.r.c.RepositoryConfigurationDelegate : Finished Spring Data repository scanning in 43 ms. Found 3 JPA repository interfaces.
2026-03-24T12:49:14.787+05:30  INFO 31228 --- [           main] o.s.boot.tomcat.TomcatWebServer          : Tomcat initialized with port 8085 (http)
2026-03-24T12:49:14.801+05:30  INFO 31228 --- [           main] o.apache.catalina.core.StandardService   : Starting service [Tomcat]
2026-03-24T12:49:14.802+05:30  INFO 31228 --- [           main] o.apache.catalina.core.StandardEngine    : Starting Servlet engine: [Apache Tomcat/11.0.18]
2026-03-24T12:49:14.862+05:30  INFO 31228 --- [           main] b.w.c.s.WebApplicationContextInitializer : Root WebApplicationContext: initialization completed in 1346 ms
2026-03-24T12:49:14.995+05:30  INFO 31228 --- [           main] org.hibernate.orm.jpa                    : HHH008540: Processing PersistenceUnitInfo [name: default]
2026-03-24T12:49:15.080+05:30  INFO 31228 --- [           main] org.hibernate.orm.core                   : HHH000001: Hibernate ORM core version 7.2.7.Final
2026-03-24T12:49:15.522+05:30  INFO 31228 --- [           main] o.s.o.j.p.SpringPersistenceUnitInfo      : No LoadTimeWeaver setup: ignoring JPA class transformer
2026-03-24T12:49:15.557+05:30  INFO 31228 --- [           main] com.zaxxer.hikari.HikariDataSource       : HikariPool-1 - Starting...
2026-03-24T12:49:15.725+05:30  INFO 31228 --- [           main] com.zaxxer.hikari.pool.HikariPool        : HikariPool-1 - Added connection com.mysql.cj.jdbc.ConnectionImpl@b56c222
2026-03-24T12:49:15.728+05:30  INFO 31228 --- [           main] com.zaxxer.hikari.HikariDataSource       : HikariPool-1 - Start completed.
2026-03-24T12:49:15.789+05:30  WARN 31228 --- [           main] org.hibernate.orm.deprecation            : HHH90000025: MySQLDialect does not need to be specified explicitly using 'hibernate.dialect' (remove the property setting and it will be selected by default)
2026-03-24T12:49:15.813+05:30  INFO 31228 --- [           main] org.hibernate.orm.connections.pooling    : HHH10001005: Database info:
	Database JDBC URL [jdbc:mysql://localhost:3306/moviedb?createDatabaseIfNotExist=true&useSSL=false]
	Database driver: MySQL Connector/J
	Database dialect: MySQLDialect
	Database version: 8.0.45
	Default catalog/schema: moviedb/undefined
	Autocommit mode: undefined/unknown
	Isolation level: REPEATABLE_READ [default REPEATABLE_READ]
	JDBC fetch size: none
	Pool: DataSourceConnectionProvider
	Minimum pool size: undefined/unknown
	Maximum pool size: undefined/unknown
2026-03-24T12:49:17.183+05:30  INFO 31228 --- [           main] org.hibernate.orm.core                   : HHH000489: No JTA platform available (set 'hibernate.transaction.jta.platform' to enable JTA platform integration)
2026-03-24T12:49:17.289+05:30  INFO 31228 --- [           main] j.LocalContainerEntityManagerFactoryBean : Initialized JPA EntityManagerFactory for persistence unit 'default'
2026-03-24T12:49:17.368+05:30  INFO 31228 --- [           main] o.s.d.j.r.query.QueryEnhancerFactories   : Hibernate is in classpath; If applicable, HQL parser will be used.
2026-03-24T12:49:17.715+05:30  INFO 31228 --- [           main] r$InitializeUserDetailsManagerConfigurer : Global AuthenticationManager configured with UserDetailsService bean with name customUserDetailsService
2026-03-24T12:49:17.845+05:30  WARN 31228 --- [           main] JpaBaseConfiguration$JpaWebConfiguration : spring.jpa.open-in-view is enabled by default. Therefore, database queries may be performed during view rendering. Explicitly configure spring.jpa.open-in-view to disable this warning
2026-03-24T12:49:18.507+05:30  INFO 31228 --- [           main] o.s.boot.tomcat.TomcatWebServer          : Tomcat started on port 8085 (http) with context path '/'
2026-03-24T12:49:18.513+05:30  INFO 31228 --- [           main] com.movie.app.AppApplication             : Started AppApplication in 6.39 seconds (process running for 7.299)
Hibernate: select u1_0.id from users u1_0 where u1_0.username=? limit ?
2026-03-24T12:51:36.296+05:30  INFO 31228 --- [nio-8085-exec-1] o.a.c.c.C.[Tomcat].[localhost].[/]       : Initializing Spring DispatcherServlet 'dispatcherServlet'
2026-03-24T12:51:36.296+05:30  INFO 31228 --- [nio-8085-exec-1] o.s.web.servlet.DispatcherServlet        : Initializing Servlet 'dispatcherServlet'
2026-03-24T12:51:36.300+05:30  INFO 31228 --- [nio-8085-exec-1] o.s.web.servlet.DispatcherServlet        : Completed initialization in 3 ms
2026-03-24T12:51:36.318+05:30  WARN 31228 --- [nio-8085-exec-1] o.s.w.s.h.HandlerMappingIntrospector     : Cache miss for REQUEST dispatch to '/api/movies' (previous null). Performing CorsConfiguration lookup. This is logged once only at WARN level, and every time at TRACE.
Hibernate: select m1_0.id,m1_0.imdb_id,m1_0.plot,m1_0.poster,m1_0.title,m1_0.type,m1_0.release_year from movies m1_0
Hibernate: select m1_0.id,m1_0.imdb_id,m1_0.plot,m1_0.poster,m1_0.title,m1_0.type,m1_0.release_year from movies m1_0
Hibernate: select u1_0.id from users u1_0 where u1_0.username=? limit ?
Hibernate: select u1_0.id from users u1_0 where u1_0.email=? limit ?
Hibernate: insert into users (email,password,role,username) values (?,?,?,?)
Hibernate: select u1_0.id,u1_0.email,u1_0.password,u1_0.role,u1_0.username from users u1_0 where u1_0.username=?
Hibernate: select u1_0.id,u1_0.email,u1_0.password,u1_0.role,u1_0.username from users u1_0 where u1_0.username=?
Hibernate: select u1_0.id,u1_0.email,u1_0.password,u1_0.role,u1_0.username from users u1_0 where u1_0.username=?
Hibernate: select u1_0.id,u1_0.email,u1_0.password,u1_0.role,u1_0.username from users u1_0 where u1_0.username=?
Hibernate: select m1_0.id,m1_0.imdb_id,m1_0.plot,m1_0.poster,m1_0.title,m1_0.type,m1_0.release_year from movies m1_0
Hibernate: select u1_0.id,u1_0.email,u1_0.password,u1_0.role,u1_0.username from users u1_0 where u1_0.username=?
Hibernate: select m1_0.id,m1_0.imdb_id,m1_0.plot,m1_0.poster,m1_0.title,m1_0.type,m1_0.release_year from movies m1_0
Hibernate: select u1_0.id,u1_0.email,u1_0.password,u1_0.role,u1_0.username from users u1_0 where u1_0.username=?
Hibernate: select u1_0.id,u1_0.email,u1_0.password,u1_0.role,u1_0.username from users u1_0 where u1_0.username=?
Hibernate: select r1_0.id,r1_0.content,r1_0.created_at,r1_0.movie_id,r1_0.rating,r1_0.updated_at,r1_0.user_id from reviews r1_0 where r1_0.movie_id=?
Hibernate: select m1_0.id,m1_0.imdb_id,m1_0.plot,m1_0.poster,m1_0.title,m1_0.type,m1_0.release_year from movies m1_0 where m1_0.id=?
Hibernate: select u1_0.id,u1_0.email,u1_0.password,u1_0.role,u1_0.username from users u1_0 where u1_0.username=?
Hibernate: select u1_0.id,u1_0.email,u1_0.password,u1_0.role,u1_0.username from users u1_0 where u1_0.username=?
Hibernate: select r1_0.id,r1_0.content,r1_0.created_at,r1_0.movie_id,r1_0.rating,r1_0.updated_at,r1_0.user_id from reviews r1_0 where r1_0.movie_id=?
Hibernate: select m1_0.id,m1_0.imdb_id,m1_0.plot,m1_0.poster,m1_0.title,m1_0.type,m1_0.release_year from movies m1_0 where m1_0.id=?
Hibernate: select u1_0.id,u1_0.email,u1_0.password,u1_0.role,u1_0.username from users u1_0 where u1_0.username=?
Hibernate: select u1_0.id,u1_0.email,u1_0.password,u1_0.role,u1_0.username from users u1_0 where u1_0.username=?
Hibernate: select m1_0.id,m1_0.imdb_id,m1_0.plot,m1_0.poster,m1_0.title,m1_0.type,m1_0.release_year from movies m1_0 where m1_0.id=?
Hibernate: insert into reviews (content,created_at,movie_id,rating,updated_at,user_id) values (?,?,?,?,?,?)
Hibernate: select r1_0.user_id,r1_0.id,r1_0.content,r1_0.created_at,r1_0.movie_id,r1_0.rating,r1_0.updated_at from reviews r1_0 where r1_0.user_id=?
2026-03-24T12:54:24.712+05:30  WARN 31228 --- [nio-8085-exec-6] .w.s.m.s.DefaultHandlerExceptionResolver : Ignoring exception, response committed already: org.springframework.http.converter.HttpMessageNotWritableException: Could not write JSON: Document nesting depth (501) exceeds the maximum allowed (500, from `StreamWriteConstraints.getMaxNestingDepth()`)
2026-03-24T12:54:24.714+05:30  WARN 31228 --- [nio-8085-exec-6] .w.s.m.s.DefaultHandlerExceptionResolver : Resolved [org.springframework.http.converter.HttpMessageNotWritableException: Could not write JSON: Document nesting depth (501) exceeds the maximum allowed (500, from `StreamWriteConstraints.getMaxNestingDepth()`)]
Hibernate: select u1_0.id,u1_0.email,u1_0.password,u1_0.role,u1_0.username from users u1_0 where u1_0.username=?
Hibernate: select m1_0.id,m1_0.imdb_id,m1_0.plot,m1_0.poster,m1_0.title,m1_0.type,m1_0.release_year from movies m1_0
Hibernate: select u1_0.id,u1_0.email,u1_0.password,u1_0.role,u1_0.username from users u1_0 where u1_0.username=?
Hibernate: select m1_0.id,m1_0.imdb_id,m1_0.plot,m1_0.poster,m1_0.title,m1_0.type,m1_0.release_year from movies m1_0
Hibernate: select u1_0.id,u1_0.email,u1_0.password,u1_0.role,u1_0.username from users u1_0 where u1_0.username=?
Hibernate: select u1_0.id,u1_0.email,u1_0.password,u1_0.role,u1_0.username from users u1_0 where u1_0.username=?
Hibernate: select u1_0.id,u1_0.email,u1_0.password,u1_0.role,u1_0.username from users u1_0 where u1_0.username=?
Hibernate: select u1_0.id,u1_0.email,u1_0.password,u1_0.role,u1_0.username from users u1_0 where u1_0.username=?
Hibernate: select u1_0.id,u1_0.email,u1_0.password,u1_0.role,u1_0.username from users u1_0 where u1_0.username=?
Hibernate: select u1_0.id,u1_0.email,u1_0.password,u1_0.role,u1_0.username from users u1_0 where u1_0.username=?
Hibernate: select m1_0.id,m1_0.imdb_id,m1_0.plot,m1_0.poster,m1_0.title,m1_0.type,m1_0.release_year from movies m1_0 where m1_0.imdb_id=?
Hibernate: insert into movies (imdb_id,plot,poster,title,type,release_year) values (?,?,?,?,?,?)
Hibernate: select u1_0.id,u1_0.email,u1_0.password,u1_0.role,u1_0.username from users u1_0 where u1_0.username=?
Hibernate: select u1_0.id,u1_0.email,u1_0.password,u1_0.role,u1_0.username from users u1_0 where u1_0.username=?
Hibernate: select m1_0.id,m1_0.imdb_id,m1_0.plot,m1_0.poster,m1_0.title,m1_0.type,m1_0.release_year from movies m1_0 where m1_0.imdb_id=?
Hibernate: insert into movies (imdb_id,plot,poster,title,type,release_year) values (?,?,?,?,?,?)
Hibernate: select u1_0.id,u1_0.email,u1_0.password,u1_0.role,u1_0.username from users u1_0 where u1_0.username=?
Hibernate: select u1_0.id,u1_0.email,u1_0.password,u1_0.role,u1_0.username from users u1_0 where u1_0.username=?
Hibernate: select m1_0.id,m1_0.imdb_id,m1_0.plot,m1_0.poster,m1_0.title,m1_0.type,m1_0.release_year from movies m1_0 where m1_0.imdb_id=?
Hibernate: insert into movies (imdb_id,plot,poster,title,type,release_year) values (?,?,?,?,?,?)
Hibernate: select u1_0.id,u1_0.email,u1_0.password,u1_0.role,u1_0.username from users u1_0 where u1_0.username=?
Hibernate: select u1_0.id,u1_0.email,u1_0.password,u1_0.role,u1_0.username from users u1_0 where u1_0.username=?
Hibernate: select m1_0.id,m1_0.imdb_id,m1_0.plot,m1_0.poster,m1_0.title,m1_0.type,m1_0.release_year from movies m1_0 where m1_0.imdb_id=?
Hibernate: insert into movies (imdb_id,plot,poster,title,type,release_year) values (?,?,?,?,?,?)
Hibernate: select u1_0.id,u1_0.email,u1_0.password,u1_0.role,u1_0.username from users u1_0 where u1_0.username=?
Hibernate: select u1_0.id,u1_0.email,u1_0.password,u1_0.role,u1_0.username from users u1_0 where u1_0.username=?
Hibernate: select m1_0.id,m1_0.imdb_id,m1_0.plot,m1_0.poster,m1_0.title,m1_0.type,m1_0.release_year from movies m1_0 where m1_0.imdb_id=?
Hibernate: insert into movies (imdb_id,plot,poster,title,type,release_year) values (?,?,?,?,?,?)
Hibernate: select u1_0.id,u1_0.email,u1_0.password,u1_0.role,u1_0.username from users u1_0 where u1_0.username=?
Hibernate: select u1_0.id,u1_0.email,u1_0.password,u1_0.role,u1_0.username from users u1_0 where u1_0.username=?
Hibernate: select u1_0.id,u1_0.email,u1_0.password,u1_0.role,u1_0.username from users u1_0 where u1_0.username=?
Hibernate: select u1_0.id,u1_0.email,u1_0.password,u1_0.role,u1_0.username from users u1_0 where u1_0.username=?
Hibernate: select m1_0.id,m1_0.imdb_id,m1_0.plot,m1_0.poster,m1_0.title,m1_0.type,m1_0.release_year from movies m1_0
Hibernate: select u1_0.id,u1_0.email,u1_0.password,u1_0.role,u1_0.username from users u1_0 where u1_0.username=?
Hibernate: select m1_0.id,m1_0.imdb_id,m1_0.plot,m1_0.poster,m1_0.title,m1_0.type,m1_0.release_year from movies m1_0
Hibernate: select u1_0.id,u1_0.email,u1_0.password,u1_0.role,u1_0.username from users u1_0 where u1_0.username=?
Hibernate: select u1_0.id,u1_0.email,u1_0.password,u1_0.role,u1_0.username from users u1_0 where u1_0.username=?
Hibernate: select r1_0.id,r1_0.content,r1_0.created_at,r1_0.movie_id,r1_0.rating,r1_0.updated_at,r1_0.user_id from reviews r1_0 where r1_0.movie_id=?
Hibernate: select m1_0.id,m1_0.imdb_id,m1_0.plot,m1_0.poster,m1_0.title,m1_0.type,m1_0.release_year from movies m1_0 where m1_0.id=?
Hibernate: select u1_0.id,u1_0.email,u1_0.password,u1_0.role,u1_0.username from users u1_0 where u1_0.username=?
Hibernate: select u1_0.id,u1_0.email,u1_0.password,u1_0.role,u1_0.username from users u1_0 where u1_0.username=?
Hibernate: select r1_0.id,r1_0.content,r1_0.created_at,r1_0.movie_id,r1_0.rating,r1_0.updated_at,r1_0.user_id from reviews r1_0 where r1_0.movie_id=?
Hibernate: select m1_0.id,m1_0.imdb_id,m1_0.plot,m1_0.poster,m1_0.title,m1_0.type,m1_0.release_year from movies m1_0 where m1_0.id=?
Hibernate: select u1_0.id,u1_0.email,u1_0.password,u1_0.role,u1_0.username from users u1_0 where u1_0.username=?
Hibernate: select m1_0.id,m1_0.imdb_id,m1_0.plot,m1_0.poster,m1_0.title,m1_0.type,m1_0.release_year from movies m1_0
Hibernate: select u1_0.id,u1_0.email,u1_0.password,u1_0.role,u1_0.username from users u1_0 where u1_0.username=?
Hibernate: select m1_0.id,m1_0.imdb_id,m1_0.plot,m1_0.poster,m1_0.title,m1_0.type,m1_0.release_year from movies m1_0
Hibernate: select u1_0.id from users u1_0 where u1_0.username=? limit ?
Hibernate: select u1_0.id from users u1_0 where u1_0.email=? limit ?
Hibernate: insert into users (email,password,role,username) values (?,?,?,?)
Hibernate: select u1_0.id,u1_0.email,u1_0.password,u1_0.role,u1_0.username from users u1_0 where u1_0.username=?
Hibernate: select u1_0.id,u1_0.email,u1_0.password,u1_0.role,u1_0.username from users u1_0 where u1_0.username=?
Hibernate: select u1_0.id,u1_0.email,u1_0.password,u1_0.role,u1_0.username from users u1_0 where u1_0.username=?
Hibernate: select u1_0.id,u1_0.email,u1_0.password,u1_0.role,u1_0.username from users u1_0 where u1_0.username=?
Hibernate: select m1_0.id,m1_0.imdb_id,m1_0.plot,m1_0.poster,m1_0.title,m1_0.type,m1_0.release_year from movies m1_0
Hibernate: select u1_0.id,u1_0.email,u1_0.password,u1_0.role,u1_0.username from users u1_0 where u1_0.username=?
Hibernate: select m1_0.id,m1_0.imdb_id,m1_0.plot,m1_0.poster,m1_0.title,m1_0.type,m1_0.release_year from movies m1_0
Hibernate: select u1_0.id,u1_0.email,u1_0.password,u1_0.role,u1_0.username from users u1_0 where u1_0.username=?
Hibernate: select u1_0.id,u1_0.email,u1_0.password,u1_0.role,u1_0.username from users u1_0 where u1_0.username=?
Hibernate: select m1_0.id,m1_0.imdb_id,m1_0.plot,m1_0.poster,m1_0.title,m1_0.type,m1_0.release_year from movies m1_0 where m1_0.id=?
Hibernate: select r1_0.id,r1_0.content,r1_0.created_at,r1_0.movie_id,r1_0.rating,r1_0.updated_at,r1_0.user_id from reviews r1_0 where r1_0.movie_id=?
Hibernate: select u1_0.id,u1_0.email,u1_0.password,u1_0.role,u1_0.username from users u1_0 where u1_0.username=?
Hibernate: select m1_0.id,m1_0.imdb_id,m1_0.plot,m1_0.poster,m1_0.title,m1_0.type,m1_0.release_year from movies m1_0 where m1_0.id=?
Hibernate: select m1_0.id,m1_0.imdb_id,m1_0.plot,m1_0.poster,m1_0.title,m1_0.type,m1_0.release_year from movies m1_0 where m1_0.id=?
Hibernate: select u1_0.id,u1_0.email,u1_0.password,u1_0.role,u1_0.username from users u1_0 where u1_0.id=?
Hibernate: select r1_0.user_id,r1_0.id,r1_0.content,r1_0.created_at,r1_0.movie_id,r1_0.rating,r1_0.updated_at from reviews r1_0 where r1_0.user_id=?
Hibernate: select u1_0.id,u1_0.email,u1_0.password,u1_0.role,u1_0.username from users u1_0 where u1_0.username=?
Hibernate: select r1_0.id,r1_0.content,r1_0.created_at,r1_0.movie_id,r1_0.rating,r1_0.updated_at,r1_0.user_id from reviews r1_0 where r1_0.movie_id=?
Hibernate: select m1_0.id,m1_0.imdb_id,m1_0.plot,m1_0.poster,m1_0.title,m1_0.type,m1_0.release_year from movies m1_0 where m1_0.id=?
2026-03-24T12:57:23.420+05:30  WARN 31228 --- [nio-8085-exec-5] .w.s.m.s.DefaultHandlerExceptionResolver : Ignoring exception, response committed already: org.springframework.http.converter.HttpMessageNotWritableException: Could not write JSON: Document nesting depth (501) exceeds the maximum allowed (500, from `StreamWriteConstraints.getMaxNestingDepth()`)
Hibernate: select u1_0.id,u1_0.email,u1_0.password,u1_0.role,u1_0.username from users u1_0 where u1_0.id=?
2026-03-24T12:57:23.422+05:30  WARN 31228 --- [nio-8085-exec-5] .w.s.m.s.DefaultHandlerExceptionResolver : Resolved [org.springframework.http.converter.HttpMessageNotWritableException: Could not write JSON: Document nesting depth (501) exceeds the maximum allowed (500, from `StreamWriteConstraints.getMaxNestingDepth()`)]
Hibernate: select r1_0.user_id,r1_0.id,r1_0.content,r1_0.created_at,r1_0.movie_id,r1_0.rating,r1_0.updated_at from reviews r1_0 where r1_0.user_id=?
2026-03-24T12:57:23.439+05:30  WARN 31228 --- [nio-8085-exec-8] .w.s.m.s.DefaultHandlerExceptionResolver : Ignoring exception, response committed already: org.springframework.http.converter.HttpMessageNotWritableException: Could not write JSON: Document nesting depth (501) exceeds the maximum allowed (500, from `StreamWriteConstraints.getMaxNestingDepth()`)
2026-03-24T12:57:23.441+05:30  WARN 31228 --- [nio-8085-exec-8] .w.s.m.s.DefaultHandlerExceptionResolver : Resolved [org.springframework.http.converter.HttpMessageNotWritableException: Could not write JSON: Document nesting depth (501) exceeds the maximum allowed (500, from `StreamWriteConstraints.getMaxNestingDepth()`)]
Hibernate: select u1_0.id,u1_0.email,u1_0.password,u1_0.role,u1_0.username from users u1_0 where u1_0.username=?
Hibernate: select u1_0.id,u1_0.email,u1_0.password,u1_0.role,u1_0.username from users u1_0 where u1_0.username=?
Hibernate: select r1_0.id,r1_0.content,r1_0.created_at,r1_0.movie_id,r1_0.rating,r1_0.updated_at,r1_0.user_id from reviews r1_0 where r1_0.movie_id=?
Hibernate: select m1_0.id,m1_0.imdb_id,m1_0.plot,m1_0.poster,m1_0.title,m1_0.type,m1_0.release_year from movies m1_0 where m1_0.id=?
Hibernate: select m1_0.id,m1_0.imdb_id,m1_0.plot,m1_0.poster,m1_0.title,m1_0.type,m1_0.release_year from movies m1_0 where m1_0.id=?
Hibernate: select u1_0.id,u1_0.email,u1_0.password,u1_0.role,u1_0.username from users u1_0 where u1_0.id=?
Hibernate: select r1_0.user_id,r1_0.id,r1_0.content,r1_0.created_at,r1_0.movie_id,r1_0.rating,r1_0.updated_at from reviews r1_0 where r1_0.user_id=?
Hibernate: select u1_0.id,u1_0.email,u1_0.password,u1_0.role,u1_0.username from users u1_0 where u1_0.username=?
Hibernate: select u1_0.id,u1_0.email,u1_0.password,u1_0.role,u1_0.username from users u1_0 where u1_0.username=?
2026-03-24T12:57:29.473+05:30  WARN 31228 --- [nio-8085-exec-1] .w.s.m.s.DefaultHandlerExceptionResolver : Ignoring exception, response committed already: org.springframework.http.converter.HttpMessageNotWritableException: Could not write JSON: Document nesting depth (501) exceeds the maximum allowed (500, from `StreamWriteConstraints.getMaxNestingDepth()`)
2026-03-24T12:57:29.475+05:30  WARN 31228 --- [nio-8085-exec-1] .w.s.m.s.DefaultHandlerExceptionResolver : Resolved [org.springframework.http.converter.HttpMessageNotWritableException: Could not write JSON: Document nesting depth (501) exceeds the maximum allowed (500, from `StreamWriteConstraints.getMaxNestingDepth()`)]
Hibernate: select r1_0.id,r1_0.content,r1_0.created_at,r1_0.movie_id,r1_0.rating,r1_0.updated_at,r1_0.user_id from reviews r1_0 where r1_0.movie_id=?
Hibernate: select m1_0.id,m1_0.imdb_id,m1_0.plot,m1_0.poster,m1_0.title,m1_0.type,m1_0.release_year from movies m1_0 where m1_0.id=?
Hibernate: select m1_0.id,m1_0.imdb_id,m1_0.plot,m1_0.poster,m1_0.title,m1_0.type,m1_0.release_year from movies m1_0 where m1_0.id=?
Hibernate: select u1_0.id,u1_0.email,u1_0.password,u1_0.role,u1_0.username from users u1_0 where u1_0.id=?
Hibernate: select r1_0.user_id,r1_0.id,r1_0.content,r1_0.created_at,r1_0.movie_id,r1_0.rating,r1_0.updated_at from reviews r1_0 where r1_0.user_id=?
2026-03-24T12:57:29.509+05:30  WARN 31228 --- [nio-8085-exec-4] .w.s.m.s.DefaultHandlerExceptionResolver : Ignoring exception, response committed already: org.springframework.http.converter.HttpMessageNotWritableException: Could not write JSON: Document nesting depth (501) exceeds the maximum allowed (500, from `StreamWriteConstraints.getMaxNestingDepth()`)
2026-03-24T12:57:29.511+05:30  WARN 31228 --- [nio-8085-exec-4] .w.s.m.s.DefaultHandlerExceptionResolver : Resolved [org.springframework.http.converter.HttpMessageNotWritableException: Could not write JSON: Document nesting depth (501) exceeds the maximum allowed (500, from `StreamWriteConstraints.getMaxNestingDepth()`)]
Hibernate: select u1_0.id,u1_0.email,u1_0.password,u1_0.role,u1_0.username from users u1_0 where u1_0.username=?
Hibernate: select u1_0.id,u1_0.email,u1_0.password,u1_0.role,u1_0.username from users u1_0 where u1_0.username=?
Hibernate: select r1_0.id,r1_0.content,r1_0.created_at,r1_0.movie_id,r1_0.rating,r1_0.updated_at,r1_0.user_id from reviews r1_0 where r1_0.movie_id=?
Hibernate: select m1_0.id,m1_0.imdb_id,m1_0.plot,m1_0.poster,m1_0.title,m1_0.type,m1_0.release_year from movies m1_0 where m1_0.id=?
Hibernate: select m1_0.id,m1_0.imdb_id,m1_0.plot,m1_0.poster,m1_0.title,m1_0.type,m1_0.release_year from movies m1_0 where m1_0.id=?
Hibernate: select u1_0.id,u1_0.email,u1_0.password,u1_0.role,u1_0.username from users u1_0 where u1_0.id=?
Hibernate: select r1_0.user_id,r1_0.id,r1_0.content,r1_0.created_at,r1_0.movie_id,r1_0.rating,r1_0.updated_at from reviews r1_0 where r1_0.user_id=?
Hibernate: select u1_0.id,u1_0.email,u1_0.password,u1_0.role,u1_0.username from users u1_0 where u1_0.username=?
Hibernate: select u1_0.id,u1_0.email,u1_0.password,u1_0.role,u1_0.username from users u1_0 where u1_0.username=?
Hibernate: select m1_0.id,m1_0.imdb_id,m1_0.plot,m1_0.poster,m1_0.title,m1_0.type,m1_0.release_year from movies m1_0 where m1_0.id=?
2026-03-24T12:57:35.863+05:30  WARN 31228 --- [nio-8085-exec-2] .w.s.m.s.DefaultHandlerExceptionResolver : Ignoring exception, response committed already: org.springframework.http.converter.HttpMessageNotWritableException: Could not write JSON: Document nesting depth (501) exceeds the maximum allowed (500, from `StreamWriteConstraints.getMaxNestingDepth()`)
Hibernate: select r1_0.id,r1_0.content,r1_0.created_at,r1_0.movie_id,r1_0.rating,r1_0.updated_at,r1_0.user_id from reviews r1_0 where r1_0.movie_id=?
2026-03-24T12:57:35.880+05:30  WARN 31228 --- [nio-8085-exec-2] .w.s.m.s.DefaultHandlerExceptionResolver : Resolved [org.springframework.http.converter.HttpMessageNotWritableException: Could not write JSON: Document nesting depth (501) exceeds the maximum allowed (500, from `StreamWriteConstraints.getMaxNestingDepth()`)]
Hibernate: select m1_0.id,m1_0.imdb_id,m1_0.plot,m1_0.poster,m1_0.title,m1_0.type,m1_0.release_year from movies m1_0 where m1_0.id=?
Hibernate: select u1_0.id,u1_0.email,u1_0.password,u1_0.role,u1_0.username from users u1_0 where u1_0.id=?
Hibernate: select r1_0.user_id,r1_0.id,r1_0.content,r1_0.created_at,r1_0.movie_id,r1_0.rating,r1_0.updated_at from reviews r1_0 where r1_0.user_id=?
2026-03-24T12:57:35.906+05:30  WARN 31228 --- [nio-8085-exec-7] .w.s.m.s.DefaultHandlerExceptionResolver : Ignoring exception, response committed already: org.springframework.http.converter.HttpMessageNotWritableException: Could not write JSON: Document nesting depth (501) exceeds the maximum allowed (500, from `StreamWriteConstraints.getMaxNestingDepth()`)
2026-03-24T12:57:35.906+05:30  WARN 31228 --- [nio-8085-exec-7] .w.s.m.s.DefaultHandlerExceptionResolver : Resolved [org.springframework.http.converter.HttpMessageNotWritableException: Could not write JSON: Document nesting depth (501) exceeds the maximum allowed (500, from `StreamWriteConstraints.getMaxNestingDepth()`)]
Hibernate: select u1_0.id,u1_0.email,u1_0.password,u1_0.role,u1_0.username from users u1_0 where u1_0.username=?
Hibernate: select m1_0.id,m1_0.imdb_id,m1_0.plot,m1_0.poster,m1_0.title,m1_0.type,m1_0.release_year from movies m1_0 where m1_0.id=?
Hibernate: select u1_0.id,u1_0.email,u1_0.password,u1_0.role,u1_0.username from users u1_0 where u1_0.username=?
Hibernate: select r1_0.id,r1_0.content,r1_0.created_at,r1_0.movie_id,r1_0.rating,r1_0.updated_at,r1_0.user_id from reviews r1_0 where r1_0.movie_id=?
Hibernate: select m1_0.id,m1_0.imdb_id,m1_0.plot,m1_0.poster,m1_0.title,m1_0.type,m1_0.release_year from movies m1_0 where m1_0.id=?
Hibernate: select u1_0.id,u1_0.email,u1_0.password,u1_0.role,u1_0.username from users u1_0 where u1_0.id=?
Hibernate: select r1_0.user_id,r1_0.id,r1_0.content,r1_0.created_at,r1_0.movie_id,r1_0.rating,r1_0.updated_at from reviews r1_0 where r1_0.user_id=?
2026-03-24T13:00:42.273+05:30  WARN 31228 --- [nio-8085-exec-4] .w.s.m.s.DefaultHandlerExceptionResolver : Ignoring exception, response committed already: org.springframework.http.converter.HttpMessageNotWritableException: Could not write JSON: Document nesting depth (501) exceeds the maximum allowed (500, from `StreamWriteConstraints.getMaxNestingDepth()`)
2026-03-24T13:00:42.274+05:30  WARN 31228 --- [nio-8085-exec-4] .w.s.m.s.DefaultHandlerExceptionResolver : Resolved [org.springframework.http.converter.HttpMessageNotWritableException: Could not write JSON: Document nesting depth (501) exceeds the maximum allowed (500, from `StreamWriteConstraints.getMaxNestingDepth()`)]
Hibernate: select u1_0.id,u1_0.email,u1_0.password,u1_0.role,u1_0.username from users u1_0 where u1_0.username=?
Hibernate: select m1_0.id,m1_0.imdb_id,m1_0.plot,m1_0.poster,m1_0.title,m1_0.type,m1_0.release_year from movies m1_0 where m1_0.id=?
Hibernate: select u1_0.id,u1_0.email,u1_0.password,u1_0.role,u1_0.username from users u1_0 where u1_0.username=?
Hibernate: select r1_0.id,r1_0.content,r1_0.created_at,r1_0.movie_id,r1_0.rating,r1_0.updated_at,r1_0.user_id from reviews r1_0 where r1_0.movie_id=?
Hibernate: select m1_0.id,m1_0.imdb_id,m1_0.plot,m1_0.poster,m1_0.title,m1_0.type,m1_0.release_year from movies m1_0 where m1_0.id=?
Hibernate: select u1_0.id,u1_0.email,u1_0.password,u1_0.role,u1_0.username from users u1_0 where u1_0.id=?
Hibernate: select r1_0.user_id,r1_0.id,r1_0.content,r1_0.created_at,r1_0.movie_id,r1_0.rating,r1_0.updated_at from reviews r1_0 where r1_0.user_id=?
2026-03-24T13:00:42.569+05:30  WARN 31228 --- [nio-8085-exec-2] .w.s.m.s.DefaultHandlerExceptionResolver : Ignoring exception, response committed already: org.springframework.http.converter.HttpMessageNotWritableException: Could not write JSON: Document nesting depth (501) exceeds the maximum allowed (500, from `StreamWriteConstraints.getMaxNestingDepth()`)
2026-03-24T13:00:42.569+05:30  WARN 31228 --- [nio-8085-exec-2] .w.s.m.s.DefaultHandlerExceptionResolver : Resolved [org.springframework.http.converter.HttpMessageNotWritableException: Could not write JSON: Document nesting depth (501) exceeds the maximum allowed (500, from `StreamWriteConstraints.getMaxNestingDepth()`)]
