[INFO] Scanning for projects...
[INFO] 
[INFO] ---------------------------< com.movie:app >----------------------------
[INFO] Building app 0.0.1-SNAPSHOT
[INFO]   from pom.xml
[INFO] --------------------------------[ jar ]---------------------------------
[INFO] 
[INFO] --- resources:3.3.1:resources (default-resources) @ app ---
[INFO] Copying 1 resource from src\main\resources to target\classes
[INFO] Copying 0 resource from src\main\resources to target\classes
[INFO] 
[INFO] --- compiler:3.14.1:compile (default-compile) @ app ---
[INFO] Recompiling the module because of changed source code.
[INFO] Compiling 20 source files with javac [debug parameters release 17] to target\classes
[INFO] ------------------------------------------------------------------------
[INFO] BUILD SUCCESS
[INFO] ------------------------------------------------------------------------
[INFO] Total time:  4.018 s
[INFO] Finished at: 2026-03-24T12:27:39+05:30
[INFO] ------------------------------------------------------------------------
